# callgrind format
version: 1
creator: pprofile
event: usphit :microseconds/hit
events: hits microseconds usphit
cmd: ./strong_password.py 'kik|UU|j2k|Id3|Aa2$!3A'
fl=./strong_password.py
fn=<module>:3
3 2 33 16
23 1 8 8
24 1 14 14
26 1 7 7
27 1 6 6
28 1 6 6
29 1 6 6
31 1 7 7
36 1 6 6
42 1 6 6
48 1 6 6
54 1 6 6
61 1 6 6
88 6 91 15
89 5 31 6
90 5 135 27
cfl=./strong_password.py
cfn=minimumNumber:61
calls=5 61
90 5 2371 474
91 5 180 36
cfl=./strong_password.py
cfn=minimumNumber:61
calls=5 61
91 5 2333 466
fn=numes:36
36 10 32 3
37 30 144 4
38 26 123 4
39 6 33 5
40 4 17 4
fn=lower:42
42 10 32 3
43 20 87 4
44 18 78 4
45 8 35 4
46 2 7 3
fn=upper:48
48 10 31 3
49 24 106 4
50 20 100 5
51 6 25 4
52 4 16 4
fn=special:54
54 10 32 3
55 48 201 4
56 40 171 4
57 2 7 3
58 8 32 4
fn=minimumNumber:61
61 10 46 4
62 10 51 5
63 8 119 14
cfl=./strong_password.py
cfn=numes:36
calls=8 36
63 8 276 34
64 4 65 16
cfl=/usr/lib64/python3.8/random.py
cfn=randrange:200
calls=4 200
64 4 422 105
65 8 105 13
cfl=./strong_password.py
cfn=lower:42
calls=8 42
65 8 193 24
66 2 28 14
cfl=/usr/lib64/python3.8/random.py
cfn=randrange:200
calls=2 200
66 2 154 77
67 8 107 13
cfl=./strong_password.py
cfn=upper:48
calls=8 48
67 8 248 31
68 4 66 16
cfl=/usr/lib64/python3.8/random.py
cfn=randrange:200
calls=4 200
68 4 315 78
69 8 101 12
cfl=./strong_password.py
cfn=special:54
calls=8 54
69 8 365 45
70 8 128 16
cfl=/usr/lib64/python3.8/random.py
cfn=randrange:200
calls=8 200
70 8 649 81
71 16 85 5
72 8 108 13
cfl=/usr/lib64/python3.8/random.py
cfn=randrange:200
calls=8 200
72 8 670 83
73 8 37 4
75 2 26 13
cfl=./strong_password.py
cfn=numes:36
calls=2 36
75 2 74 37
77 2 27 13
cfl=./strong_password.py
cfn=lower:42
calls=2 42
77 2 49 24
79 2 26 13
cfl=./strong_password.py
cfn=upper:48
calls=2 48
79 2 32 16
81 2 28 14
cfl=./strong_password.py
cfn=special:54
calls=2 54
81 2 80 40
83 2 10 5
fl=/usr/lib64/python3.8/random.py
fn=randrange:200
200 26 109 4
210 26 156 6
211 26 133 5
213 26 146 5
219 26 137 5
220 26 135 5
222 26 124 4
223 26 132 5
224 26 341 13
cfl=/usr/lib64/python3.8/random.py
cfn=_randbelow_with_getrandbits:250
calls=26 250
224 26 795 30
fn=_randbelow_with_getrandbits:250
250 26 91 3
253 26 124 4
254 26 132 5
255 26 128 4
256 37 160 4
257 11 49 4
258 26 108 4
